12:32:51 **** Incremental Build of configuration Debug for project testFFT ****
make -r -j4 all 
Building file: ../source/arm_fft_bin_example_f32.c
Invoking: MCU C Compiler
arm-none-eabi-gcc -D__REDLIB__ -DCPU_MK64FN1M0VLL12 -DCPU_MK64FN1M0VLL12_cm4 -DFSL_RTOS_BM -DSDK_OS_BAREMETAL -DSDK_DEBUGCONSOLE=0 -DCR_INTEGER_PRINTF -DPRINTF_FLOAT_ENABLE=0 -DSERIAL_PORT_TYPE_UART=1 -D__MCUXPRESSO -D__USE_CMSIS -DDEBUG -I"C:\Users\Guido\Documents\GitHub\LaboDeMicrosTPF\TestS\fft_test\testFFT\drivers" -I"C:\Users\Guido\Documents\GitHub\LaboDeMicrosTPF\TestS\fft_test\testFFT\component\serial_manager" -I"C:\Users\Guido\Documents\GitHub\LaboDeMicrosTPF\TestS\fft_test\testFFT\component\lists" -I"C:\Users\Guido\Documents\GitHub\LaboDeMicrosTPF\TestS\fft_test\testFFT\CMSIS" -I"C:\Users\Guido\Documents\GitHub\LaboDeMicrosTPF\TestS\fft_test\testFFT\component\uart" -I"C:\Users\Guido\Documents\GitHub\LaboDeMicrosTPF\TestS\fft_test\testFFT\device" -I"C:\Users\Guido\Documents\GitHub\LaboDeMicrosTPF\TestS\fft_test\testFFT\utilities" -I"C:\Users\Guido\Documents\GitHub\LaboDeMicrosTPF\TestS\fft_test\testFFT\drivers" -I"C:\Users\Guido\Documents\GitHub\LaboDeMicrosTPF\TestS\fft_test\testFFT\device" -I"C:\Users\Guido\Documents\GitHub\LaboDeMicrosTPF\TestS\fft_test\testFFT\utilities" -I"C:\Users\Guido\Documents\GitHub\LaboDeMicrosTPF\TestS\fft_test\testFFT\component\lists" -I"C:\Users\Guido\Documents\GitHub\LaboDeMicrosTPF\TestS\fft_test\testFFT\CMSIS" -I"C:\Users\Guido\Documents\GitHub\LaboDeMicrosTPF\TestS\fft_test\testFFT\component\uart" -I"C:\Users\Guido\Documents\GitHub\LaboDeMicrosTPF\TestS\fft_test\testFFT\component\serial_manager" -I"C:\Users\Guido\Documents\GitHub\LaboDeMicrosTPF\TestS\fft_test\testFFT\board" -I"C:\Users\Guido\Documents\GitHub\LaboDeMicrosTPF\TestS\fft_test\testFFT\source" -I"C:\Users\Guido\Documents\GitHub\LaboDeMicrosTPF\TestS\fft_test\testFFT" -O0 -fno-common -g3 -Wall -c -ffunction-sections -fdata-sections -ffreestanding -fno-builtin -fmerge-constants -fmacro-prefix-map="../source/"=. -mcpu=cortex-m4 -mfpu=fpv4-sp-d16 -mfloat-abi=hard -mthumb -D__REDLIB__ -fstack-usage -specs=redlib.specs -MMD -MP -MF"source/arm_fft_bin_example_f32.d" -MT"source/arm_fft_bin_example_f32.o" -MT"source/arm_fft_bin_example_f32.d" -o "source/arm_fft_bin_example_f32.o" "../source/arm_fft_bin_example_f32.c"
../source/arm_fft_bin_example_f32.c: In function 'main':
../source/arm_fft_bin_example_f32.c:153:3: warning: implicit declaration of function 'printf' [-Wimplicit-function-declaration]
  153 |   printf("Input vector: ");
      |   ^~~~~~
../source/arm_fft_bin_example_f32.c:99:1: note: 'printf' is defined in header '<stdio.h>'; did you forget to '#include <stdio.h>'?
   98 | #include "math_helper.h"
  +++ |+#include <stdio.h>
   99 | #define TEST_LENGTH_SAMPLES  2048
../source/arm_fft_bin_example_f32.c:130:14: warning: variable 'status' set but not used [-Wunused-but-set-variable]
  130 |   arm_status status;
      |              ^~~~~~
At top level:
../source/arm_fft_bin_example_f32.c:109:18: warning: 'testOutput' defined but not used [-Wunused-variable]
  109 | static float32_t testOutput[TEST_LENGTH_SAMPLES/2];
      |                  ^~~~~~~~~~
../source/arm_fft_bin_example_f32.c:108:18: warning: 'cfftOutput' defined but not used [-Wunused-variable]
  108 | static float32_t cfftOutput[TEST_LENGTH_SAMPLES];
      |                  ^~~~~~~~~~
../source/arm_fft_bin_example_f32.c:106:18: warning: 'ifftmode' defined but not used [-Wunused-variable]
  106 | static float32_t ifftmode[TEST_LENGTH_SAMPLES];
      |                  ^~~~~~~~
Finished building: ../source/arm_fft_bin_example_f32.c
 
Building target: testFFT.axf
Invoking: MCU Linker
arm-none-eabi-gcc -nostdlib -L"C:\Users\Guido\Documents\GitHub\LaboDeMicrosTPF\TestS\fft_test\testFFT\libs" -Xlinker -Map="testFFT.map" -Xlinker --gc-sections -Xlinker -print-memory-usage -Xlinker --sort-section=alignment -Xlinker --cref -mcpu=cortex-m4 -mfpu=fpv4-sp-d16 -mfloat-abi=hard -mthumb -T testFFT_Debug.ld -o "testFFT.axf"  ./utilities/fsl_debug_console.o ./utilities/fsl_str.o  ./startup/startup_mk64f12.o  ./source/arm_fft_bin_data.o ./source/arm_fft_bin_example_f32.o ./source/cfft.o ./source/math_helper.o ./source/semihost_hardfault.o  ./drivers/fsl_adc16.o ./drivers/fsl_clock.o ./drivers/fsl_common.o ./drivers/fsl_gpio.o ./drivers/fsl_i2c.o ./drivers/fsl_smc.o ./drivers/fsl_uart.o  ./device/system_MK64F12.o  ./component/uart/uart_adapter.o  ./component/serial_manager/serial_manager.o ./component/serial_manager/serial_port_uart.o  ./component/lists/generic_list.o  ./board/board.o ./board/clock_config.o ./board/peripherals.o ./board/pin_mux.o   -larm_cortexM4lf_math -larm_cortexM7l_math
Memory region         Used Size  Region Size  %age Used
   PROGRAM_FLASH:      105120 B         1 MB     10.03%
      SRAM_UPPER:        8768 B       192 KB      4.46%
      SRAM_LOWER:          0 GB        64 KB      0.00%
        FLEX_RAM:          0 GB         4 KB      0.00%
Finished building target: testFFT.axf
 
make --no-print-directory post-build
Performing post-build steps
arm-none-eabi-size "testFFT.axf"; # arm-none-eabi-objcopy -v -O binary "testFFT.axf" "testFFT.bin" ; # checksum -p MK64FN1M0xxx12 -d "testFFT.bin";
   text	   data	    bss	    dec	    hex	filename
 104984	    136	   8632	 113752	  1bc58	testFFT.axf
 
12:33:29 **** Incremental Build of configuration Debug for project testFFT ****
make -r -j4 all 
make: Nothing to be done for 'all'.
12:34:36 **** Incremental Build of configuration Debug for project testFFT ****
make -r -j4 all 
Building file: ../source/arm_fft_bin_example_f32.c
Invoking: MCU C Compiler
arm-none-eabi-gcc -D__REDLIB__ -DCPU_MK64FN1M0VLL12 -DCPU_MK64FN1M0VLL12_cm4 -DFSL_RTOS_BM -DSDK_OS_BAREMETAL -DSDK_DEBUGCONSOLE=0 -DCR_INTEGER_PRINTF -DPRINTF_FLOAT_ENABLE=0 -DSERIAL_PORT_TYPE_UART=1 -D__MCUXPRESSO -D__USE_CMSIS -DDEBUG -I"C:\Users\Guido\Documents\GitHub\LaboDeMicrosTPF\TestS\fft_test\testFFT\drivers" -I"C:\Users\Guido\Documents\GitHub\LaboDeMicrosTPF\TestS\fft_test\testFFT\component\serial_manager" -I"C:\Users\Guido\Documents\GitHub\LaboDeMicrosTPF\TestS\fft_test\testFFT\component\lists" -I"C:\Users\Guido\Documents\GitHub\LaboDeMicrosTPF\TestS\fft_test\testFFT\CMSIS" -I"C:\Users\Guido\Documents\GitHub\LaboDeMicrosTPF\TestS\fft_test\testFFT\component\uart" -I"C:\Users\Guido\Documents\GitHub\LaboDeMicrosTPF\TestS\fft_test\testFFT\device" -I"C:\Users\Guido\Documents\GitHub\LaboDeMicrosTPF\TestS\fft_test\testFFT\utilities" -I"C:\Users\Guido\Documents\GitHub\LaboDeMicrosTPF\TestS\fft_test\testFFT\drivers" -I"C:\Users\Guido\Documents\GitHub\LaboDeMicrosTPF\TestS\fft_test\testFFT\device" -I"C:\Users\Guido\Documents\GitHub\LaboDeMicrosTPF\TestS\fft_test\testFFT\utilities" -I"C:\Users\Guido\Documents\GitHub\LaboDeMicrosTPF\TestS\fft_test\testFFT\component\lists" -I"C:\Users\Guido\Documents\GitHub\LaboDeMicrosTPF\TestS\fft_test\testFFT\CMSIS" -I"C:\Users\Guido\Documents\GitHub\LaboDeMicrosTPF\TestS\fft_test\testFFT\component\uart" -I"C:\Users\Guido\Documents\GitHub\LaboDeMicrosTPF\TestS\fft_test\testFFT\component\serial_manager" -I"C:\Users\Guido\Documents\GitHub\LaboDeMicrosTPF\TestS\fft_test\testFFT\board" -I"C:\Users\Guido\Documents\GitHub\LaboDeMicrosTPF\TestS\fft_test\testFFT\source" -I"C:\Users\Guido\Documents\GitHub\LaboDeMicrosTPF\TestS\fft_test\testFFT" -O0 -fno-common -g3 -Wall -c -ffunction-sections -fdata-sections -ffreestanding -fno-builtin -fmerge-constants -fmacro-prefix-map="../source/"=. -mcpu=cortex-m4 -mfpu=fpv4-sp-d16 -mfloat-abi=hard -mthumb -D__REDLIB__ -fstack-usage -specs=redlib.specs -MMD -MP -MF"source/arm_fft_bin_example_f32.d" -MT"source/arm_fft_bin_example_f32.o" -MT"source/arm_fft_bin_example_f32.d" -o "source/arm_fft_bin_example_f32.o" "../source/arm_fft_bin_example_f32.c"
../source/arm_fft_bin_example_f32.c: In function 'main':
../source/arm_fft_bin_example_f32.c:153:3: warning: implicit declaration of function 'printf' [-Wimplicit-function-declaration]
  153 |   printf("Input vector: \n");
      |   ^~~~~~
../source/arm_fft_bin_example_f32.c:99:1: note: 'printf' is defined in header '<stdio.h>'; did you forget to '#include <stdio.h>'?
   98 | #include "math_helper.h"
  +++ |+#include <stdio.h>
   99 | #define TEST_LENGTH_SAMPLES  2048
../source/arm_fft_bin_example_f32.c:130:14: warning: variable 'status' set but not used [-Wunused-but-set-variable]
  130 |   arm_status status;
      |              ^~~~~~
At top level:
../source/arm_fft_bin_example_f32.c:109:18: warning: 'testOutput' defined but not used [-Wunused-variable]
  109 | static float32_t testOutput[TEST_LENGTH_SAMPLES/2];
      |                  ^~~~~~~~~~
../source/arm_fft_bin_example_f32.c:108:18: warning: 'cfftOutput' defined but not used [-Wunused-variable]
  108 | static float32_t cfftOutput[TEST_LENGTH_SAMPLES];
      |                  ^~~~~~~~~~
../source/arm_fft_bin_example_f32.c:106:18: warning: 'ifftmode' defined but not used [-Wunused-variable]
  106 | static float32_t ifftmode[TEST_LENGTH_SAMPLES];
      |                  ^~~~~~~~
Finished building: ../source/arm_fft_bin_example_f32.c
 
Building target: testFFT.axf
Invoking: MCU Linker
arm-none-eabi-gcc -nostdlib -L"C:\Users\Guido\Documents\GitHub\LaboDeMicrosTPF\TestS\fft_test\testFFT\libs" -Xlinker -Map="testFFT.map" -Xlinker --gc-sections -Xlinker -print-memory-usage -Xlinker --sort-section=alignment -Xlinker --cref -mcpu=cortex-m4 -mfpu=fpv4-sp-d16 -mfloat-abi=hard -mthumb -T testFFT_Debug.ld -o "testFFT.axf"  ./utilities/fsl_debug_console.o ./utilities/fsl_str.o  ./startup/startup_mk64f12.o  ./source/arm_fft_bin_data.o ./source/arm_fft_bin_example_f32.o ./source/cfft.o ./source/math_helper.o ./source/semihost_hardfault.o  ./drivers/fsl_adc16.o ./drivers/fsl_clock.o ./drivers/fsl_common.o ./drivers/fsl_gpio.o ./drivers/fsl_i2c.o ./drivers/fsl_smc.o ./drivers/fsl_uart.o  ./device/system_MK64F12.o  ./component/uart/uart_adapter.o  ./component/serial_manager/serial_manager.o ./component/serial_manager/serial_port_uart.o  ./component/lists/generic_list.o  ./board/board.o ./board/clock_config.o ./board/peripherals.o ./board/pin_mux.o   -larm_cortexM4lf_math -larm_cortexM7l_math
Memory region         Used Size  Region Size  %age Used
   PROGRAM_FLASH:      105144 B         1 MB     10.03%
      SRAM_UPPER:        8768 B       192 KB      4.46%
      SRAM_LOWER:          0 GB        64 KB      0.00%
        FLEX_RAM:          0 GB         4 KB      0.00%
Finished building target: testFFT.axf
 
make --no-print-directory post-build
Performing post-build steps
arm-none-eabi-size "testFFT.axf"; # arm-none-eabi-objcopy -v -O binary "testFFT.axf" "testFFT.bin" ; # checksum -p MK64FN1M0xxx12 -d "testFFT.bin";
   text	   data	    bss	    dec	    hex	filename
 105008	    136	   8632	 113776	  1bc70	testFFT.axf
 
12:36:28 **** Incremental Build of configuration Debug for project testFFT ****
make -r -j4 all 
Building file: ../source/arm_fft_bin_example_f32.c
Invoking: MCU C Compiler
arm-none-eabi-gcc -D__REDLIB__ -DCPU_MK64FN1M0VLL12 -DCPU_MK64FN1M0VLL12_cm4 -DFSL_RTOS_BM -DSDK_OS_BAREMETAL -DSDK_DEBUGCONSOLE=0 -DCR_INTEGER_PRINTF -DPRINTF_FLOAT_ENABLE=0 -DSERIAL_PORT_TYPE_UART=1 -D__MCUXPRESSO -D__USE_CMSIS -DDEBUG -I"C:\Users\Guido\Documents\GitHub\LaboDeMicrosTPF\TestS\fft_test\testFFT\drivers" -I"C:\Users\Guido\Documents\GitHub\LaboDeMicrosTPF\TestS\fft_test\testFFT\component\serial_manager" -I"C:\Users\Guido\Documents\GitHub\LaboDeMicrosTPF\TestS\fft_test\testFFT\component\lists" -I"C:\Users\Guido\Documents\GitHub\LaboDeMicrosTPF\TestS\fft_test\testFFT\CMSIS" -I"C:\Users\Guido\Documents\GitHub\LaboDeMicrosTPF\TestS\fft_test\testFFT\component\uart" -I"C:\Users\Guido\Documents\GitHub\LaboDeMicrosTPF\TestS\fft_test\testFFT\device" -I"C:\Users\Guido\Documents\GitHub\LaboDeMicrosTPF\TestS\fft_test\testFFT\utilities" -I"C:\Users\Guido\Documents\GitHub\LaboDeMicrosTPF\TestS\fft_test\testFFT\drivers" -I"C:\Users\Guido\Documents\GitHub\LaboDeMicrosTPF\TestS\fft_test\testFFT\device" -I"C:\Users\Guido\Documents\GitHub\LaboDeMicrosTPF\TestS\fft_test\testFFT\utilities" -I"C:\Users\Guido\Documents\GitHub\LaboDeMicrosTPF\TestS\fft_test\testFFT\component\lists" -I"C:\Users\Guido\Documents\GitHub\LaboDeMicrosTPF\TestS\fft_test\testFFT\CMSIS" -I"C:\Users\Guido\Documents\GitHub\LaboDeMicrosTPF\TestS\fft_test\testFFT\component\uart" -I"C:\Users\Guido\Documents\GitHub\LaboDeMicrosTPF\TestS\fft_test\testFFT\component\serial_manager" -I"C:\Users\Guido\Documents\GitHub\LaboDeMicrosTPF\TestS\fft_test\testFFT\board" -I"C:\Users\Guido\Documents\GitHub\LaboDeMicrosTPF\TestS\fft_test\testFFT\source" -I"C:\Users\Guido\Documents\GitHub\LaboDeMicrosTPF\TestS\fft_test\testFFT" -O0 -fno-common -g3 -Wall -c -ffunction-sections -fdata-sections -ffreestanding -fno-builtin -fmerge-constants -fmacro-prefix-map="../source/"=. -mcpu=cortex-m4 -mfpu=fpv4-sp-d16 -mfloat-abi=hard -mthumb -D__REDLIB__ -fstack-usage -specs=redlib.specs -MMD -MP -MF"source/arm_fft_bin_example_f32.d" -MT"source/arm_fft_bin_example_f32.o" -MT"source/arm_fft_bin_example_f32.d" -o "source/arm_fft_bin_example_f32.o" "../source/arm_fft_bin_example_f32.c"
../source/arm_fft_bin_example_f32.c: In function 'main':
../source/arm_fft_bin_example_f32.c:153:3: warning: implicit declaration of function 'printf' [-Wimplicit-function-declaration]
  153 |   printf("Input vector: \n");
      |   ^~~~~~
../source/arm_fft_bin_example_f32.c:99:1: note: 'printf' is defined in header '<stdio.h>'; did you forget to '#include <stdio.h>'?
   98 | #include "math_helper.h"
  +++ |+#include <stdio.h>
   99 | #define TEST_LENGTH_SAMPLES  2048
../source/arm_fft_bin_example_f32.c:130:14: warning: variable 'status' set but not used [-Wunused-but-set-variable]
  130 |   arm_status status;
      |              ^~~~~~
At top level:
../source/arm_fft_bin_example_f32.c:109:18: warning: 'testOutput' defined but not used [-Wunused-variable]
  109 | static float32_t testOutput[TEST_LENGTH_SAMPLES/2];
      |                  ^~~~~~~~~~
../source/arm_fft_bin_example_f32.c:108:18: warning: 'cfftOutput' defined but not used [-Wunused-variable]
  108 | static float32_t cfftOutput[TEST_LENGTH_SAMPLES];
      |                  ^~~~~~~~~~
../source/arm_fft_bin_example_f32.c:106:18: warning: 'ifftmode' defined but not used [-Wunused-variable]
  106 | static float32_t ifftmode[TEST_LENGTH_SAMPLES];
      |                  ^~~~~~~~
Finished building: ../source/arm_fft_bin_example_f32.c
 
Building target: testFFT.axf
Invoking: MCU Linker
arm-none-eabi-gcc -nostdlib -L"C:\Users\Guido\Documents\GitHub\LaboDeMicrosTPF\TestS\fft_test\testFFT\libs" -Xlinker -Map="testFFT.map" -Xlinker --gc-sections -Xlinker -print-memory-usage -Xlinker --sort-section=alignment -Xlinker --cref -mcpu=cortex-m4 -mfpu=fpv4-sp-d16 -mfloat-abi=hard -mthumb -T testFFT_Debug.ld -o "testFFT.axf"  ./utilities/fsl_debug_console.o ./utilities/fsl_str.o  ./startup/startup_mk64f12.o  ./source/arm_fft_bin_data.o ./source/arm_fft_bin_example_f32.o ./source/cfft.o ./source/math_helper.o ./source/semihost_hardfault.o  ./drivers/fsl_adc16.o ./drivers/fsl_clock.o ./drivers/fsl_common.o ./drivers/fsl_gpio.o ./drivers/fsl_i2c.o ./drivers/fsl_smc.o ./drivers/fsl_uart.o  ./device/system_MK64F12.o  ./component/uart/uart_adapter.o  ./component/serial_manager/serial_manager.o ./component/serial_manager/serial_port_uart.o  ./component/lists/generic_list.o  ./board/board.o ./board/clock_config.o ./board/peripherals.o ./board/pin_mux.o   -larm_cortexM4lf_math -larm_cortexM7l_math
Memory region         Used Size  Region Size  %age Used
   PROGRAM_FLASH:      105160 B         1 MB     10.03%
      SRAM_UPPER:        8768 B       192 KB      4.46%
      SRAM_LOWER:          0 GB        64 KB      0.00%
        FLEX_RAM:          0 GB         4 KB      0.00%
Finished building target: testFFT.axf
 
make --no-print-directory post-build
Performing post-build steps
arm-none-eabi-size "testFFT.axf"; # arm-none-eabi-objcopy -v -O binary "testFFT.axf" "testFFT.bin" ; # checksum -p MK64FN1M0xxx12 -d "testFFT.bin";
   text	   data	    bss	    dec	    hex	filename
 105024	    136	   8632	 113792	  1bc80	testFFT.axf
 
12:37:38 **** Incremental Build of configuration Debug for project testFFT ****
make -r -j4 all 
Building file: ../source/arm_fft_bin_example_f32.c
Invoking: MCU C Compiler
arm-none-eabi-gcc -D__REDLIB__ -DCPU_MK64FN1M0VLL12 -DCPU_MK64FN1M0VLL12_cm4 -DFSL_RTOS_BM -DSDK_OS_BAREMETAL -DSDK_DEBUGCONSOLE=0 -DCR_INTEGER_PRINTF -DPRINTF_FLOAT_ENABLE=0 -DSERIAL_PORT_TYPE_UART=1 -D__MCUXPRESSO -D__USE_CMSIS -DDEBUG -I"C:\Users\Guido\Documents\GitHub\LaboDeMicrosTPF\TestS\fft_test\testFFT\drivers" -I"C:\Users\Guido\Documents\GitHub\LaboDeMicrosTPF\TestS\fft_test\testFFT\component\serial_manager" -I"C:\Users\Guido\Documents\GitHub\LaboDeMicrosTPF\TestS\fft_test\testFFT\component\lists" -I"C:\Users\Guido\Documents\GitHub\LaboDeMicrosTPF\TestS\fft_test\testFFT\CMSIS" -I"C:\Users\Guido\Documents\GitHub\LaboDeMicrosTPF\TestS\fft_test\testFFT\component\uart" -I"C:\Users\Guido\Documents\GitHub\LaboDeMicrosTPF\TestS\fft_test\testFFT\device" -I"C:\Users\Guido\Documents\GitHub\LaboDeMicrosTPF\TestS\fft_test\testFFT\utilities" -I"C:\Users\Guido\Documents\GitHub\LaboDeMicrosTPF\TestS\fft_test\testFFT\drivers" -I"C:\Users\Guido\Documents\GitHub\LaboDeMicrosTPF\TestS\fft_test\testFFT\device" -I"C:\Users\Guido\Documents\GitHub\LaboDeMicrosTPF\TestS\fft_test\testFFT\utilities" -I"C:\Users\Guido\Documents\GitHub\LaboDeMicrosTPF\TestS\fft_test\testFFT\component\lists" -I"C:\Users\Guido\Documents\GitHub\LaboDeMicrosTPF\TestS\fft_test\testFFT\CMSIS" -I"C:\Users\Guido\Documents\GitHub\LaboDeMicrosTPF\TestS\fft_test\testFFT\component\uart" -I"C:\Users\Guido\Documents\GitHub\LaboDeMicrosTPF\TestS\fft_test\testFFT\component\serial_manager" -I"C:\Users\Guido\Documents\GitHub\LaboDeMicrosTPF\TestS\fft_test\testFFT\board" -I"C:\Users\Guido\Documents\GitHub\LaboDeMicrosTPF\TestS\fft_test\testFFT\source" -I"C:\Users\Guido\Documents\GitHub\LaboDeMicrosTPF\TestS\fft_test\testFFT" -O0 -fno-common -g3 -Wall -c -ffunction-sections -fdata-sections -ffreestanding -fno-builtin -fmerge-constants -fmacro-prefix-map="../source/"=. -mcpu=cortex-m4 -mfpu=fpv4-sp-d16 -mfloat-abi=hard -mthumb -D__REDLIB__ -fstack-usage -specs=redlib.specs -MMD -MP -MF"source/arm_fft_bin_example_f32.d" -MT"source/arm_fft_bin_example_f32.o" -MT"source/arm_fft_bin_example_f32.d" -o "source/arm_fft_bin_example_f32.o" "../source/arm_fft_bin_example_f32.c"
../source/arm_fft_bin_example_f32.c: In function 'main':
../source/arm_fft_bin_example_f32.c:153:3: warning: implicit declaration of function 'printf' [-Wimplicit-function-declaration]
  153 |   printf("Input vector: \n");
      |   ^~~~~~
../source/arm_fft_bin_example_f32.c:99:1: note: 'printf' is defined in header '<stdio.h>'; did you forget to '#include <stdio.h>'?
   98 | #include "math_helper.h"
  +++ |+#include <stdio.h>
   99 | #define TEST_LENGTH_SAMPLES  2048
../source/arm_fft_bin_example_f32.c:161:4: warning: implicit declaration of function 'PRINTF' [-Wimplicit-function-declaration]
  161 |    PRINTF(" Re : %f  Im : %f \n",Re, Im);
      |    ^~~~~~
../source/arm_fft_bin_example_f32.c:130:14: warning: variable 'status' set but not used [-Wunused-but-set-variable]
  130 |   arm_status status;
      |              ^~~~~~
At top level:
../source/arm_fft_bin_example_f32.c:109:18: warning: 'testOutput' defined but not used [-Wunused-variable]
  109 | static float32_t testOutput[TEST_LENGTH_SAMPLES/2];
      |                  ^~~~~~~~~~
../source/arm_fft_bin_example_f32.c:108:18: warning: 'cfftOutput' defined but not used [-Wunused-variable]
  108 | static float32_t cfftOutput[TEST_LENGTH_SAMPLES];
      |                  ^~~~~~~~~~
../source/arm_fft_bin_example_f32.c:106:18: warning: 'ifftmode' defined but not used [-Wunused-variable]
  106 | static float32_t ifftmode[TEST_LENGTH_SAMPLES];
      |                  ^~~~~~~~
Finished building: ../source/arm_fft_bin_example_f32.c
 
Building target: testFFT.axf
Invoking: MCU Linker
arm-none-eabi-gcc -nostdlib -L"C:\Users\Guido\Documents\GitHub\LaboDeMicrosTPF\TestS\fft_test\testFFT\libs" -Xlinker -Map="testFFT.map" -Xlinker --gc-sections -Xlinker -print-memory-usage -Xlinker --sort-section=alignment -Xlinker --cref -mcpu=cortex-m4 -mfpu=fpv4-sp-d16 -mfloat-abi=hard -mthumb -T testFFT_Debug.ld -o "testFFT.axf"  ./utilities/fsl_debug_console.o ./utilities/fsl_str.o  ./startup/startup_mk64f12.o  ./source/arm_fft_bin_data.o ./source/arm_fft_bin_example_f32.o ./source/cfft.o ./source/math_helper.o ./source/semihost_hardfault.o  ./drivers/fsl_adc16.o ./drivers/fsl_clock.o ./drivers/fsl_common.o ./drivers/fsl_gpio.o ./drivers/fsl_i2c.o ./drivers/fsl_smc.o ./drivers/fsl_uart.o  ./device/system_MK64F12.o  ./component/uart/uart_adapter.o  ./component/serial_manager/serial_manager.o ./component/serial_manager/serial_port_uart.o  ./component/lists/generic_list.o  ./board/board.o ./board/clock_config.o ./board/peripherals.o ./board/pin_mux.o   -larm_cortexM4lf_math -larm_cortexM7l_math
Memory region         Used Size  Region Size  %age Used
   PROGRAM_FLASH:      105160 B         1 MB     10.03%
      SRAM_UPPER:        8768 B       192 KB      4.46%
c:/nxp/mcuxpressoide_11.2.1_4149/ide/plugins/com.nxp.mcuxpresso.tools.win32_11.2.0.202008311134/tools/bin/../lib/gcc/arm-none-eabi/9.2.1/../../../../arm-none-eabi/bin/ld.exe: ./source/arm_fft_bin_example_f32.o: in function `main':
      SRAM_LOWER:          0 GB        64 KB      0.00%
C:\Users\Guido\Documents\GitHub\LaboDeMicrosTPF\TestS\fft_test\testFFT\Debug/../source/arm_fft_bin_example_f32.c:161: undefined reference to `PRINTF'
        FLEX_RAM:          0 GB         4 KB      0.00%
collect2.exe: error: ld returned 1 exit status
make: *** [makefile:40: testFFT.axf] Error 1
"make -r -j4 all" terminated with exit code 2. Build might be incomplete.
12:37:40 **** Incremental Build of configuration Debug for project testFFT ****
make -r -j4 all 
Building target: testFFT.axf
Invoking: MCU Linker
arm-none-eabi-gcc -nostdlib -L"C:\Users\Guido\Documents\GitHub\LaboDeMicrosTPF\TestS\fft_test\testFFT\libs" -Xlinker -Map="testFFT.map" -Xlinker --gc-sections -Xlinker -print-memory-usage -Xlinker --sort-section=alignment -Xlinker --cref -mcpu=cortex-m4 -mfpu=fpv4-sp-d16 -mfloat-abi=hard -mthumb -T testFFT_Debug.ld -o "testFFT.axf"  ./utilities/fsl_debug_console.o ./utilities/fsl_str.o  ./startup/startup_mk64f12.o  ./source/arm_fft_bin_data.o ./source/arm_fft_bin_example_f32.o ./source/cfft.o ./source/math_helper.o ./source/semihost_hardfault.o  ./drivers/fsl_adc16.o ./drivers/fsl_clock.o ./drivers/fsl_common.o ./drivers/fsl_gpio.o ./drivers/fsl_i2c.o ./drivers/fsl_smc.o ./drivers/fsl_uart.o  ./device/system_MK64F12.o  ./component/uart/uart_adapter.o  ./component/serial_manager/serial_manager.o ./component/serial_manager/serial_port_uart.o  ./component/lists/generic_list.o  ./board/board.o ./board/clock_config.o ./board/peripherals.o ./board/pin_mux.o   -larm_cortexM4lf_math -larm_cortexM7l_math
Memory region         Used Size  Region Size  %age Used
   PROGRAM_FLASH:      105160 B         1 MB     10.03%
      SRAM_UPPER:        8768 B       192 KB      4.46%
      SRAM_LOWER:          0 GB        64 KB      0.00%
c:/nxp/mcuxpressoide_11.2.1_4149/ide/plugins/com.nxp.mcuxpresso.tools.win32_11.2.0.202008311134/tools/bin/../lib/gcc/arm-none-eabi/9.2.1/../../../../arm-none-eabi/bin/ld.exe: ./source/arm_fft_bin_example_f32.o: in function `main':
        FLEX_RAM:          0 GB         4 KB      0.00%
C:\Users\Guido\Documents\GitHub\LaboDeMicrosTPF\TestS\fft_test\testFFT\Debug/../source/arm_fft_bin_example_f32.c:161: undefined reference to `PRINTF'
collect2.exe: error: ld returned 1 exit status
make: *** [makefile:40: testFFT.axf] Error 1
"make -r -j4 all" terminated with exit code 2. Build might be incomplete.
